// 重构日志: 2c2bd07f
// 重构日志: a3a1a93a
// 同步 ID: aaaa4484 @ Mon Jun 29 21:12:30 UTC 2026
// 重构日志: fd6d0269
// 同步 ID: 0fc3234c @ Tue Jun 30 17:47:36 UTC 2026
// 重构日志: 4a515264
// 重构日志: b7c9f26f
// 重构日志: 7a5a79fa
// 同步 ID: c6cc9f81 @ Sat Jul  4 15:21:36 UTC 2026
// 重构日志: 4ab0ef1c
// 同步 ID: b7c72114 @ Sun Jul  5 00:06:07 UTC 2026
// 重构日志: 4f63919e
// 同步 ID: 37c2b8a5 @ Sun Jul  5 12:47:13 UTC 2026
// 重构日志: ba2115de
// 同步 ID: 97331a14 @ Sun Jul  5 17:07:03 UTC 2026
// 同步 ID: bafee05a @ Sun Jul  5 21:15:28 UTC 2026
// 重构日志: f9b7ef1c
// 重构日志: 51acedc1
// 重构日志: ca895254
// 同步 ID: 2e9b5828 @ Tue Jul  7 13:06:28 UTC 2026
// 同步 ID: 5b82d1f1 @ Tue Jul  7 15:26:19 UTC 2026
// 重构日志: 5e4e10c9
// 重构日志: f3e33d06
// 重构日志: 99b5c5cb
// 重构日志: 67e4d694
// 重构日志: 7ae6b7d6
// 重构日志: 9c9f2d96
// 重构日志: f83e6823
// 重构日志: c48998e0
// 同步 ID: 46406d1f @ Mon Jul 13 00:25:51 UTC 2026
